<?xml version="1.0" encoding="UTF-8"?>
<TestRun id="b9038c4f-0f2b-4875-b9a2-2e8f59f0d196" name="Administrator@WIN-1BSGQQGHI96 2014-02-28 16:12:10" runUser="WIN-1BSGQQGHI96\Administrator" xmlns="http://microsoft.com/schemas/VisualStudio/TeamTest/2010">
  <TestSettings name="本地" id="183af1ab-0d3c-4326-b9de-81f77f86e3df">
    <Description>这些设置为本地测试运行的默认测试设置。</Description>
    <Deployment enabled="false" runDeploymentRoot="Administrator_WIN-1BSGQQGHI96 2014-02-28 16_12_10">
      <DeploymentItem filename="D:\Code\ClientManage\packages\Ninject.3.0.1.10\lib\net40\Ninject.dll" />
      <DeploymentItem filename="D:\Code\ClientManage\ClientManage.WebUI\bin\ClientManage.WebUI.dll" />
      <DeploymentItem filename="D:\Code\ClientManage\packages\EntityFramework.6.0.2\lib\net40\EntityFramework.SqlServer.dll" />
      <DeploymentItem filename="D:\Code\ClientManage\ClientManage.UnitTests\bin\Debug\EntityFramework.dll" />
      <DeploymentItem filename="D:\Code\ClientManage\packages\Moq.4.2.1402.2112\lib\net40\Moq.dll" />
      <DeploymentItem filename="D:\Code\ClientManage\ClientManage.Domain\bin\Debug\ClientManage.Domain.dll" />
    </Deployment>
    <Execution>
      <TestTypeSpecific />
      <AgentRule name="Execution Agents">
      </AgentRule>
    </Execution>
  </TestSettings>
  <Times creation="2014-02-28T16:12:10.0622715+08:00" queuing="2014-02-28T16:12:10.1082742+08:00" start="2014-02-28T16:12:10.1192748+08:00" finish="2014-02-28T16:12:10.4712949+08:00" />
  <ResultSummary outcome="Completed">
    <Counters total="3" executed="3" passed="3" error="0" failed="0" timeout="0" aborted="0" inconclusive="0" passedButRunAborted="0" notRunnable="0" notExecuted="0" disconnected="0" warning="0" completed="0" inProgress="0" pending="0" />
  </ResultSummary>
  <TestDefinitions>
    <UnitTest name="Can_Generate_Page_Links" storage="d:\code\clientmanage\clientmanage.unittests\bin\debug\clientmanage.unittests.dll" id="2c5c938b-15d1-8464-8948-897ed178f1d3">
      <Execution id="97b63e90-a208-451a-95f3-22303dc5a563" />
      <TestMethod codeBase="D:/Code/ClientManage/ClientManage.UnitTests/bin/Debug/ClientManage.UnitTests.DLL" adapterTypeName="Microsoft.VisualStudio.TestTools.TestTypes.Unit.UnitTestAdapter, Microsoft.VisualStudio.QualityTools.Tips.UnitTest.Adapter, Version=10.0.0.0, Culture=neutral, PublicKeyToken=b03f5f7f11d50a3a" className="ClientManage.UnitTests.PagingHelpersTest, ClientManage.UnitTests, Version=1.0.0.0, Culture=neutral, PublicKeyToken=null" name="Can_Generate_Page_Links" />
    </UnitTest>
    <UnitTest name="Can_Send_Pagination_View_Model" storage="d:\code\clientmanage\clientmanage.unittests\bin\debug\clientmanage.unittests.dll" id="60e0cb26-aeab-601d-f2bb-fa6dfb4d023a">
      <Execution id="766c4739-5e5d-40f0-aaea-a80625fb02d8" />
      <TestMethod codeBase="D:/Code/ClientManage/ClientManage.UnitTests/bin/Debug/ClientManage.UnitTests.DLL" adapterTypeName="Microsoft.VisualStudio.TestTools.TestTypes.Unit.UnitTestAdapter, Microsoft.VisualStudio.QualityTools.Tips.UnitTest.Adapter, Version=10.0.0.0, Culture=neutral, PublicKeyToken=b03f5f7f11d50a3a" className="ClientManage.UnitTests.RolesControllerTest, ClientManage.UnitTests, Version=1.0.0.0, Culture=neutral, PublicKeyToken=null" name="Can_Send_Pagination_View_Model" />
    </UnitTest>
    <UnitTest name="Can_Paginate" storage="d:\code\clientmanage\clientmanage.unittests\bin\debug\clientmanage.unittests.dll" id="565a17c5-b484-a3ab-5875-2e0879947988">
      <Execution id="3e2ebf3f-e6a5-4142-8d48-e8b36b7543cb" />
      <TestMethod codeBase="D:/Code/ClientManage/ClientManage.UnitTests/bin/Debug/ClientManage.UnitTests.DLL" adapterTypeName="Microsoft.VisualStudio.TestTools.TestTypes.Unit.UnitTestAdapter, Microsoft.VisualStudio.QualityTools.Tips.UnitTest.Adapter, Version=10.0.0.0, Culture=neutral, PublicKeyToken=b03f5f7f11d50a3a" className="ClientManage.UnitTests.RolesControllerTest, ClientManage.UnitTests, Version=1.0.0.0, Culture=neutral, PublicKeyToken=null" name="Can_Paginate" />
    </UnitTest>
  </TestDefinitions>
  <TestLists>
    <TestList name="列表中未列出的结果" id="8c84fa94-04c1-424b-9868-57a2d4851a1d" />
    <TestList name="所有已加载的结果" id="19431567-8539-422a-85d7-44ee4e166bda" />
  </TestLists>
  <TestEntries>
    <TestEntry testId="2c5c938b-15d1-8464-8948-897ed178f1d3" executionId="97b63e90-a208-451a-95f3-22303dc5a563" testListId="8c84fa94-04c1-424b-9868-57a2d4851a1d" />
    <TestEntry testId="565a17c5-b484-a3ab-5875-2e0879947988" executionId="3e2ebf3f-e6a5-4142-8d48-e8b36b7543cb" testListId="8c84fa94-04c1-424b-9868-57a2d4851a1d" />
    <TestEntry testId="60e0cb26-aeab-601d-f2bb-fa6dfb4d023a" executionId="766c4739-5e5d-40f0-aaea-a80625fb02d8" testListId="8c84fa94-04c1-424b-9868-57a2d4851a1d" />
  </TestEntries>
  <Results>
    <UnitTestResult executionId="97b63e90-a208-451a-95f3-22303dc5a563" testId="2c5c938b-15d1-8464-8948-897ed178f1d3" testName="Can_Generate_Page_Links" computerName="WIN-1BSGQQGHI96" duration="00:00:00.0207821" startTime="2014-02-28T16:12:10.1402760+08:00" endTime="2014-02-28T16:12:10.3032853+08:00" testType="13cdc9d9-ddb5-4fa4-a97d-d965ccfc6d4b" outcome="Passed" testListId="8c84fa94-04c1-424b-9868-57a2d4851a1d" relativeResultsDirectory="97b63e90-a208-451a-95f3-22303dc5a563">
    </UnitTestResult>
    <UnitTestResult executionId="3e2ebf3f-e6a5-4142-8d48-e8b36b7543cb" testId="565a17c5-b484-a3ab-5875-2e0879947988" testName="Can_Paginate" computerName="WIN-1BSGQQGHI96" duration="00:00:00.1295054" startTime="2014-02-28T16:12:10.3102857+08:00" endTime="2014-02-28T16:12:10.4472936+08:00" testType="13cdc9d9-ddb5-4fa4-a97d-d965ccfc6d4b" outcome="Passed" testListId="8c84fa94-04c1-424b-9868-57a2d4851a1d" relativeResultsDirectory="3e2ebf3f-e6a5-4142-8d48-e8b36b7543cb">
    </UnitTestResult>
    <UnitTestResult executionId="766c4739-5e5d-40f0-aaea-a80625fb02d8" testId="60e0cb26-aeab-601d-f2bb-fa6dfb4d023a" testName="Can_Send_Pagination_View_Model" computerName="WIN-1BSGQQGHI96" duration="00:00:00.0021597" startTime="2014-02-28T16:12:10.4552940+08:00" endTime="2014-02-28T16:12:10.4602943+08:00" testType="13cdc9d9-ddb5-4fa4-a97d-d965ccfc6d4b" outcome="Passed" testListId="8c84fa94-04c1-424b-9868-57a2d4851a1d" relativeResultsDirectory="766c4739-5e5d-40f0-aaea-a80625fb02d8">
    </UnitTestResult>
  </Results>
</TestRun>