<?xml version="1.0" encoding="UTF-8"?>
<TestRun id="e89a2263-fb2c-4aa6-a924-da3efa861dc4" name="Administrator@WIN-1BSGQQGHI96 2014-02-28 16:11:14" runUser="WIN-1BSGQQGHI96\Administrator" xmlns="http://microsoft.com/schemas/VisualStudio/TeamTest/2010">
  <TestSettings name="本地" id="183af1ab-0d3c-4326-b9de-81f77f86e3df">
    <Description>这些设置为本地测试运行的默认测试设置。</Description>
    <Deployment enabled="false" runDeploymentRoot="Administrator_WIN-1BSGQQGHI96 2014-02-28 16_11_14">
      <DeploymentItem filename="D:\Code\ClientManage\packages\Ninject.3.0.1.10\lib\net40\Ninject.dll" />
      <DeploymentItem filename="D:\Code\ClientManage\ClientManage.WebUI\bin\ClientManage.WebUI.dll" />
      <DeploymentItem filename="D:\Code\ClientManage\packages\EntityFramework.6.0.2\lib\net40\EntityFramework.SqlServer.dll" />
      <DeploymentItem filename="D:\Code\ClientManage\ClientManage.UnitTests\bin\Debug\EntityFramework.dll" />
      <DeploymentItem filename="D:\Code\ClientManage\packages\Moq.4.2.1402.2112\lib\net40\Moq.dll" />
      <DeploymentItem filename="D:\Code\ClientManage\ClientManage.Domain\bin\Debug\ClientManage.Domain.dll" />
    </Deployment>
    <Execution>
      <TestTypeSpecific />
      <AgentRule name="Execution Agents">
      </AgentRule>
    </Execution>
  </TestSettings>
  <Times creation="2014-02-28T16:11:14.7871100+08:00" queuing="2014-02-28T16:11:14.8281123+08:00" start="2014-02-28T16:11:14.8431132+08:00" finish="2014-02-28T16:11:15.1771323+08:00" />
  <ResultSummary outcome="Failed">
    <Counters total="3" executed="3" passed="2" error="0" failed="1" timeout="0" aborted="0" inconclusive="0" passedButRunAborted="0" notRunnable="0" notExecuted="0" disconnected="0" warning="0" completed="0" inProgress="0" pending="0" />
  </ResultSummary>
  <TestDefinitions>
    <UnitTest name="Can_Generate_Page_Links" storage="d:\code\clientmanage\clientmanage.unittests\bin\debug\clientmanage.unittests.dll" id="2c5c938b-15d1-8464-8948-897ed178f1d3">
      <Execution id="6dc22d3a-68e6-40da-ba7a-fa80da44cdee" />
      <TestMethod codeBase="D:/Code/ClientManage/ClientManage.UnitTests/bin/Debug/ClientManage.UnitTests.DLL" adapterTypeName="Microsoft.VisualStudio.TestTools.TestTypes.Unit.UnitTestAdapter, Microsoft.VisualStudio.QualityTools.Tips.UnitTest.Adapter, Version=10.0.0.0, Culture=neutral, PublicKeyToken=b03f5f7f11d50a3a" className="ClientManage.UnitTests.PagingHelpersTest, ClientManage.UnitTests, Version=1.0.0.0, Culture=neutral, PublicKeyToken=null" name="Can_Generate_Page_Links" />
    </UnitTest>
    <UnitTest name="Can_Send_Pagination_View_Model" storage="d:\code\clientmanage\clientmanage.unittests\bin\debug\clientmanage.unittests.dll" id="60e0cb26-aeab-601d-f2bb-fa6dfb4d023a">
      <Execution id="dfb40604-aec6-4919-97f9-406f7e18150b" />
      <TestMethod codeBase="D:/Code/ClientManage/ClientManage.UnitTests/bin/Debug/ClientManage.UnitTests.DLL" adapterTypeName="Microsoft.VisualStudio.TestTools.TestTypes.Unit.UnitTestAdapter, Microsoft.VisualStudio.QualityTools.Tips.UnitTest.Adapter, Version=10.0.0.0, Culture=neutral, PublicKeyToken=b03f5f7f11d50a3a" className="ClientManage.UnitTests.RolesControllerTest, ClientManage.UnitTests, Version=1.0.0.0, Culture=neutral, PublicKeyToken=null" name="Can_Send_Pagination_View_Model" />
    </UnitTest>
    <UnitTest name="Can_Paginate" storage="d:\code\clientmanage\clientmanage.unittests\bin\debug\clientmanage.unittests.dll" id="565a17c5-b484-a3ab-5875-2e0879947988">
      <Execution id="4ec1e1e9-eb03-40be-b180-b405c28c28e0" />
      <TestMethod codeBase="D:/Code/ClientManage/ClientManage.UnitTests/bin/Debug/ClientManage.UnitTests.DLL" adapterTypeName="Microsoft.VisualStudio.TestTools.TestTypes.Unit.UnitTestAdapter, Microsoft.VisualStudio.QualityTools.Tips.UnitTest.Adapter, Version=10.0.0.0, Culture=neutral, PublicKeyToken=b03f5f7f11d50a3a" className="ClientManage.UnitTests.RolesControllerTest, ClientManage.UnitTests, Version=1.0.0.0, Culture=neutral, PublicKeyToken=null" name="Can_Paginate" />
    </UnitTest>
  </TestDefinitions>
  <TestLists>
    <TestList name="列表中未列出的结果" id="8c84fa94-04c1-424b-9868-57a2d4851a1d" />
    <TestList name="所有已加载的结果" id="19431567-8539-422a-85d7-44ee4e166bda" />
  </TestLists>
  <TestEntries>
    <TestEntry testId="2c5c938b-15d1-8464-8948-897ed178f1d3" executionId="6dc22d3a-68e6-40da-ba7a-fa80da44cdee" testListId="8c84fa94-04c1-424b-9868-57a2d4851a1d" />
    <TestEntry testId="565a17c5-b484-a3ab-5875-2e0879947988" executionId="4ec1e1e9-eb03-40be-b180-b405c28c28e0" testListId="8c84fa94-04c1-424b-9868-57a2d4851a1d" />
    <TestEntry testId="60e0cb26-aeab-601d-f2bb-fa6dfb4d023a" executionId="dfb40604-aec6-4919-97f9-406f7e18150b" testListId="8c84fa94-04c1-424b-9868-57a2d4851a1d" />
  </TestEntries>
  <Results>
    <UnitTestResult executionId="6dc22d3a-68e6-40da-ba7a-fa80da44cdee" testId="2c5c938b-15d1-8464-8948-897ed178f1d3" testName="Can_Generate_Page_Links" computerName="WIN-1BSGQQGHI96" duration="00:00:00.0353083" startTime="2014-02-28T16:11:14.8451133+08:00" endTime="2014-02-28T16:11:15.0201233+08:00" testType="13cdc9d9-ddb5-4fa4-a97d-d965ccfc6d4b" outcome="Failed" testListId="8c84fa94-04c1-424b-9868-57a2d4851a1d" relativeResultsDirectory="6dc22d3a-68e6-40da-ba7a-fa80da44cdee">
      <Output>
        <ErrorInfo>
          <Message>Assert.AreEqual 失败。应为: &lt;&lt;a href="Page0"&gt;0&lt;/a&gt;&lt;a href="Page1"&gt;1&lt;/a&gt;&lt;a class="selected" href="Page2"&gt;2&lt;/a&gt;&lt;a href="Page3"&gt;3&lt;/a&gt;&gt;，实际为: &lt;&lt;a href="Page1"&gt;1&lt;/a&gt;&lt;a class="selected" href="Page2"&gt;2&lt;/a&gt;&lt;a href="Page3"&gt;3&lt;/a&gt;&gt;。</Message>
          <StackTrace>   在 ClientManage.UnitTests.PagingHelpersTest.Can_Generate_Page_Links() 位置 D:\Code\ClientManage\ClientManage.UnitTests\PagingHelpersTest.cs:行号 90
</StackTrace>
        </ErrorInfo>
      </Output>
    </UnitTestResult>
    <UnitTestResult executionId="4ec1e1e9-eb03-40be-b180-b405c28c28e0" testId="565a17c5-b484-a3ab-5875-2e0879947988" testName="Can_Paginate" computerName="WIN-1BSGQQGHI96" duration="00:00:00.1289832" startTime="2014-02-28T16:11:15.0241235+08:00" endTime="2014-02-28T16:11:15.1551310+08:00" testType="13cdc9d9-ddb5-4fa4-a97d-d965ccfc6d4b" outcome="Passed" testListId="8c84fa94-04c1-424b-9868-57a2d4851a1d" relativeResultsDirectory="4ec1e1e9-eb03-40be-b180-b405c28c28e0">
    </UnitTestResult>
    <UnitTestResult executionId="dfb40604-aec6-4919-97f9-406f7e18150b" testId="60e0cb26-aeab-601d-f2bb-fa6dfb4d023a" testName="Can_Send_Pagination_View_Model" computerName="WIN-1BSGQQGHI96" duration="00:00:00.0062379" startTime="2014-02-28T16:11:15.1571311+08:00" endTime="2014-02-28T16:11:15.1641315+08:00" testType="13cdc9d9-ddb5-4fa4-a97d-d965ccfc6d4b" outcome="Passed" testListId="8c84fa94-04c1-424b-9868-57a2d4851a1d" relativeResultsDirectory="dfb40604-aec6-4919-97f9-406f7e18150b">
    </UnitTestResult>
  </Results>
</TestRun>