<?xml version="1.0" encoding="UTF-8"?>
<TestRun id="790a577d-8b69-47bd-8176-170f9891f463" name="Administrator@WIN-1BSGQQGHI96 2014-03-01 16:19:30" runUser="WIN-1BSGQQGHI96\Administrator" xmlns="http://microsoft.com/schemas/VisualStudio/TeamTest/2010">
  <TestSettings name="本地" id="183af1ab-0d3c-4326-b9de-81f77f86e3df">
    <Description>这些设置为本地测试运行的默认测试设置。</Description>
    <Deployment enabled="false" runDeploymentRoot="Administrator_WIN-1BSGQQGHI96 2014-03-01 16_19_30">
      <DeploymentItem filename="D:\Code\ClientManage\packages\Ninject.3.0.1.10\lib\net40\Ninject.dll" />
      <DeploymentItem filename="D:\Code\ClientManage\ClientManage.WebUI\bin\ClientManage.WebUI.dll" />
      <DeploymentItem filename="D:\Code\ClientManage\packages\EntityFramework.6.0.2\lib\net40\EntityFramework.SqlServer.dll" />
      <DeploymentItem filename="D:\Code\ClientManage\ClientManage.UnitTests\bin\Debug\EntityFramework.dll" />
      <DeploymentItem filename="D:\Code\ClientManage\packages\Moq.4.2.1402.2112\lib\net40\Moq.dll" />
      <DeploymentItem filename="D:\Code\ClientManage\ClientManage.Domain\bin\Debug\ClientManage.Domain.dll" />
    </Deployment>
    <Execution>
      <TestTypeSpecific />
      <AgentRule name="Execution Agents">
      </AgentRule>
    </Execution>
  </TestSettings>
  <Times creation="2014-03-01T16:19:30.7032622+08:00" queuing="2014-03-01T16:19:30.7752663+08:00" start="2014-03-01T16:19:30.7872670+08:00" finish="2014-03-01T16:19:31.2162915+08:00" />
  <ResultSummary outcome="Completed">
    <Counters total="9" executed="9" passed="9" error="0" failed="0" timeout="0" aborted="0" inconclusive="0" passedButRunAborted="0" notRunnable="0" notExecuted="0" disconnected="0" warning="0" completed="0" inProgress="0" pending="0" />
  </ResultSummary>
  <TestDefinitions>
    <UnitTest name="Cannot_Save_Invalid_Changes" storage="d:\code\clientmanage\clientmanage.unittests\bin\debug\clientmanage.unittests.dll" id="3e762bb7-2a5b-1b11-ff46-0f8ffb5bce71">
      <Execution id="23e4d796-aeed-4d4c-bb52-8c4ad484a336" />
      <TestMethod codeBase="D:/Code/ClientManage/ClientManage.UnitTests/bin/Debug/ClientManage.UnitTests.DLL" adapterTypeName="Microsoft.VisualStudio.TestTools.TestTypes.Unit.UnitTestAdapter, Microsoft.VisualStudio.QualityTools.Tips.UnitTest.Adapter, Version=10.0.0.0, Culture=neutral, PublicKeyToken=b03f5f7f11d50a3a" className="ClientManage.UnitTests.RolesControllerTest, ClientManage.UnitTests, Version=1.0.0.0, Culture=neutral, PublicKeyToken=null" name="Cannot_Save_Invalid_Changes" />
    </UnitTest>
    <UnitTest name="Can_Paginate" storage="d:\code\clientmanage\clientmanage.unittests\bin\debug\clientmanage.unittests.dll" id="565a17c5-b484-a3ab-5875-2e0879947988">
      <Execution id="19e7e6c9-ba80-4fea-bc42-d26166c5a3ad" />
      <TestMethod codeBase="D:/Code/ClientManage/ClientManage.UnitTests/bin/Debug/ClientManage.UnitTests.DLL" adapterTypeName="Microsoft.VisualStudio.TestTools.TestTypes.Unit.UnitTestAdapter, Microsoft.VisualStudio.QualityTools.Tips.UnitTest.Adapter, Version=10.0.0.0, Culture=neutral, PublicKeyToken=b03f5f7f11d50a3a" className="ClientManage.UnitTests.RolesControllerTest, ClientManage.UnitTests, Version=1.0.0.0, Culture=neutral, PublicKeyToken=null" name="Can_Paginate" />
    </UnitTest>
    <UnitTest name="Can_Send_Pagination_View_Model" storage="d:\code\clientmanage\clientmanage.unittests\bin\debug\clientmanage.unittests.dll" id="60e0cb26-aeab-601d-f2bb-fa6dfb4d023a">
      <Execution id="0fa3b229-e9ed-4867-b56e-584039500ece" />
      <TestMethod codeBase="D:/Code/ClientManage/ClientManage.UnitTests/bin/Debug/ClientManage.UnitTests.DLL" adapterTypeName="Microsoft.VisualStudio.TestTools.TestTypes.Unit.UnitTestAdapter, Microsoft.VisualStudio.QualityTools.Tips.UnitTest.Adapter, Version=10.0.0.0, Culture=neutral, PublicKeyToken=b03f5f7f11d50a3a" className="ClientManage.UnitTests.RolesControllerTest, ClientManage.UnitTests, Version=1.0.0.0, Culture=neutral, PublicKeyToken=null" name="Can_Send_Pagination_View_Model" />
    </UnitTest>
    <UnitTest name="Can_Save_Valid_Changes" storage="d:\code\clientmanage\clientmanage.unittests\bin\debug\clientmanage.unittests.dll" id="585a66cd-39a2-57d3-66fb-c2c082a18db9">
      <Execution id="86f2fb47-1b77-49eb-8a5e-af42d5c9efa5" />
      <TestMethod codeBase="D:/Code/ClientManage/ClientManage.UnitTests/bin/Debug/ClientManage.UnitTests.DLL" adapterTypeName="Microsoft.VisualStudio.TestTools.TestTypes.Unit.UnitTestAdapter, Microsoft.VisualStudio.QualityTools.Tips.UnitTest.Adapter, Version=10.0.0.0, Culture=neutral, PublicKeyToken=b03f5f7f11d50a3a" className="ClientManage.UnitTests.RolesControllerTest, ClientManage.UnitTests, Version=1.0.0.0, Culture=neutral, PublicKeyToken=null" name="Can_Save_Valid_Changes" />
    </UnitTest>
    <UnitTest name="Can_Edit_Role" storage="d:\code\clientmanage\clientmanage.unittests\bin\debug\clientmanage.unittests.dll" id="55b878b7-4e98-870d-41b1-c67be55faa2d">
      <Execution id="7c204181-8ebb-430d-8082-002ab3be06f4" />
      <TestMethod codeBase="D:/Code/ClientManage/ClientManage.UnitTests/bin/Debug/ClientManage.UnitTests.DLL" adapterTypeName="Microsoft.VisualStudio.TestTools.TestTypes.Unit.UnitTestAdapter, Microsoft.VisualStudio.QualityTools.Tips.UnitTest.Adapter, Version=10.0.0.0, Culture=neutral, PublicKeyToken=b03f5f7f11d50a3a" className="ClientManage.UnitTests.RolesControllerTest, ClientManage.UnitTests, Version=1.0.0.0, Culture=neutral, PublicKeyToken=null" name="Can_Edit_Role" />
    </UnitTest>
    <UnitTest name="Can_Delete_Valid_Roles" storage="d:\code\clientmanage\clientmanage.unittests\bin\debug\clientmanage.unittests.dll" id="8a069796-1879-374f-2dbf-e37ba2163331">
      <Execution id="a9e861ae-3386-44c5-8c8f-360ad57b2d3c" />
      <TestMethod codeBase="D:/Code/ClientManage/ClientManage.UnitTests/bin/Debug/ClientManage.UnitTests.DLL" adapterTypeName="Microsoft.VisualStudio.TestTools.TestTypes.Unit.UnitTestAdapter, Microsoft.VisualStudio.QualityTools.Tips.UnitTest.Adapter, Version=10.0.0.0, Culture=neutral, PublicKeyToken=b03f5f7f11d50a3a" className="ClientManage.UnitTests.RolesControllerTest, ClientManage.UnitTests, Version=1.0.0.0, Culture=neutral, PublicKeyToken=null" name="Can_Delete_Valid_Roles" />
    </UnitTest>
    <UnitTest name="Cannot_Edit_Nonexistent_Product" storage="d:\code\clientmanage\clientmanage.unittests\bin\debug\clientmanage.unittests.dll" id="2ce0b735-ab10-4f83-e610-2d802598bf6a">
      <Execution id="e99a0f5d-826f-4472-9759-38c1987959c2" />
      <TestMethod codeBase="D:/Code/ClientManage/ClientManage.UnitTests/bin/Debug/ClientManage.UnitTests.DLL" adapterTypeName="Microsoft.VisualStudio.TestTools.TestTypes.Unit.UnitTestAdapter, Microsoft.VisualStudio.QualityTools.Tips.UnitTest.Adapter, Version=10.0.0.0, Culture=neutral, PublicKeyToken=b03f5f7f11d50a3a" className="ClientManage.UnitTests.RolesControllerTest, ClientManage.UnitTests, Version=1.0.0.0, Culture=neutral, PublicKeyToken=null" name="Cannot_Edit_Nonexistent_Product" />
    </UnitTest>
    <UnitTest name="Cannot_Delete_Invalid_Products" storage="d:\code\clientmanage\clientmanage.unittests\bin\debug\clientmanage.unittests.dll" id="7058ba01-d644-1dea-9afd-80d026ea6538">
      <Execution id="c6700f35-d1dd-4c0e-a958-1b901787018c" />
      <TestMethod codeBase="D:/Code/ClientManage/ClientManage.UnitTests/bin/Debug/ClientManage.UnitTests.DLL" adapterTypeName="Microsoft.VisualStudio.TestTools.TestTypes.Unit.UnitTestAdapter, Microsoft.VisualStudio.QualityTools.Tips.UnitTest.Adapter, Version=10.0.0.0, Culture=neutral, PublicKeyToken=b03f5f7f11d50a3a" className="ClientManage.UnitTests.RolesControllerTest, ClientManage.UnitTests, Version=1.0.0.0, Culture=neutral, PublicKeyToken=null" name="Cannot_Delete_Invalid_Products" />
    </UnitTest>
    <UnitTest name="Can_Generate_Page_Links" storage="d:\code\clientmanage\clientmanage.unittests\bin\debug\clientmanage.unittests.dll" id="2c5c938b-15d1-8464-8948-897ed178f1d3">
      <Execution id="ffaa0adc-79e2-489f-98bf-fb1a7fd3b580" />
      <TestMethod codeBase="D:/Code/ClientManage/ClientManage.UnitTests/bin/Debug/ClientManage.UnitTests.DLL" adapterTypeName="Microsoft.VisualStudio.TestTools.TestTypes.Unit.UnitTestAdapter, Microsoft.VisualStudio.QualityTools.Tips.UnitTest.Adapter, Version=10.0.0.0, Culture=neutral, PublicKeyToken=b03f5f7f11d50a3a" className="ClientManage.UnitTests.PagingHelpersTest, ClientManage.UnitTests, Version=1.0.0.0, Culture=neutral, PublicKeyToken=null" name="Can_Generate_Page_Links" />
    </UnitTest>
  </TestDefinitions>
  <TestLists>
    <TestList name="列表中未列出的结果" id="8c84fa94-04c1-424b-9868-57a2d4851a1d" />
    <TestList name="所有已加载的结果" id="19431567-8539-422a-85d7-44ee4e166bda" />
  </TestLists>
  <TestEntries>
    <TestEntry testId="2c5c938b-15d1-8464-8948-897ed178f1d3" executionId="ffaa0adc-79e2-489f-98bf-fb1a7fd3b580" testListId="8c84fa94-04c1-424b-9868-57a2d4851a1d" />
    <TestEntry testId="2ce0b735-ab10-4f83-e610-2d802598bf6a" executionId="e99a0f5d-826f-4472-9759-38c1987959c2" testListId="8c84fa94-04c1-424b-9868-57a2d4851a1d" />
    <TestEntry testId="3e762bb7-2a5b-1b11-ff46-0f8ffb5bce71" executionId="23e4d796-aeed-4d4c-bb52-8c4ad484a336" testListId="8c84fa94-04c1-424b-9868-57a2d4851a1d" />
    <TestEntry testId="55b878b7-4e98-870d-41b1-c67be55faa2d" executionId="7c204181-8ebb-430d-8082-002ab3be06f4" testListId="8c84fa94-04c1-424b-9868-57a2d4851a1d" />
    <TestEntry testId="565a17c5-b484-a3ab-5875-2e0879947988" executionId="19e7e6c9-ba80-4fea-bc42-d26166c5a3ad" testListId="8c84fa94-04c1-424b-9868-57a2d4851a1d" />
    <TestEntry testId="585a66cd-39a2-57d3-66fb-c2c082a18db9" executionId="86f2fb47-1b77-49eb-8a5e-af42d5c9efa5" testListId="8c84fa94-04c1-424b-9868-57a2d4851a1d" />
    <TestEntry testId="60e0cb26-aeab-601d-f2bb-fa6dfb4d023a" executionId="0fa3b229-e9ed-4867-b56e-584039500ece" testListId="8c84fa94-04c1-424b-9868-57a2d4851a1d" />
    <TestEntry testId="7058ba01-d644-1dea-9afd-80d026ea6538" executionId="c6700f35-d1dd-4c0e-a958-1b901787018c" testListId="8c84fa94-04c1-424b-9868-57a2d4851a1d" />
    <TestEntry testId="8a069796-1879-374f-2dbf-e37ba2163331" executionId="a9e861ae-3386-44c5-8c8f-360ad57b2d3c" testListId="8c84fa94-04c1-424b-9868-57a2d4851a1d" />
  </TestEntries>
  <Results>
    <UnitTestResult executionId="ffaa0adc-79e2-489f-98bf-fb1a7fd3b580" testId="2c5c938b-15d1-8464-8948-897ed178f1d3" testName="Can_Generate_Page_Links" computerName="WIN-1BSGQQGHI96" duration="00:00:00.0210014" startTime="2014-03-01T16:19:30.8072681+08:00" endTime="2014-03-01T16:19:30.9772779+08:00" testType="13cdc9d9-ddb5-4fa4-a97d-d965ccfc6d4b" outcome="Passed" testListId="8c84fa94-04c1-424b-9868-57a2d4851a1d" relativeResultsDirectory="ffaa0adc-79e2-489f-98bf-fb1a7fd3b580">
    </UnitTestResult>
    <UnitTestResult executionId="e99a0f5d-826f-4472-9759-38c1987959c2" testId="2ce0b735-ab10-4f83-e610-2d802598bf6a" testName="Cannot_Edit_Nonexistent_Product" computerName="WIN-1BSGQQGHI96" duration="00:00:00.1283217" startTime="2014-03-01T16:19:30.9792780+08:00" endTime="2014-03-01T16:19:31.1152858+08:00" testType="13cdc9d9-ddb5-4fa4-a97d-d965ccfc6d4b" outcome="Passed" testListId="8c84fa94-04c1-424b-9868-57a2d4851a1d" relativeResultsDirectory="e99a0f5d-826f-4472-9759-38c1987959c2">
    </UnitTestResult>
    <UnitTestResult executionId="23e4d796-aeed-4d4c-bb52-8c4ad484a336" testId="3e762bb7-2a5b-1b11-ff46-0f8ffb5bce71" testName="Cannot_Save_Invalid_Changes" computerName="WIN-1BSGQQGHI96" duration="00:00:00.0185510" startTime="2014-03-01T16:19:31.1162858+08:00" endTime="2014-03-01T16:19:31.1402872+08:00" testType="13cdc9d9-ddb5-4fa4-a97d-d965ccfc6d4b" outcome="Passed" testListId="8c84fa94-04c1-424b-9868-57a2d4851a1d" relativeResultsDirectory="23e4d796-aeed-4d4c-bb52-8c4ad484a336">
    </UnitTestResult>
    <UnitTestResult executionId="7c204181-8ebb-430d-8082-002ab3be06f4" testId="55b878b7-4e98-870d-41b1-c67be55faa2d" testName="Can_Edit_Role" computerName="WIN-1BSGQQGHI96" duration="00:00:00.0031032" startTime="2014-03-01T16:19:31.1412872+08:00" endTime="2014-03-01T16:19:31.1522879+08:00" testType="13cdc9d9-ddb5-4fa4-a97d-d965ccfc6d4b" outcome="Passed" testListId="8c84fa94-04c1-424b-9868-57a2d4851a1d" relativeResultsDirectory="7c204181-8ebb-430d-8082-002ab3be06f4">
    </UnitTestResult>
    <UnitTestResult executionId="19e7e6c9-ba80-4fea-bc42-d26166c5a3ad" testId="565a17c5-b484-a3ab-5875-2e0879947988" testName="Can_Paginate" computerName="WIN-1BSGQQGHI96" duration="00:00:00.0041580" startTime="2014-03-01T16:19:31.1542880+08:00" endTime="2014-03-01T16:19:31.1652886+08:00" testType="13cdc9d9-ddb5-4fa4-a97d-d965ccfc6d4b" outcome="Passed" testListId="8c84fa94-04c1-424b-9868-57a2d4851a1d" relativeResultsDirectory="19e7e6c9-ba80-4fea-bc42-d26166c5a3ad">
    </UnitTestResult>
    <UnitTestResult executionId="86f2fb47-1b77-49eb-8a5e-af42d5c9efa5" testId="585a66cd-39a2-57d3-66fb-c2c082a18db9" testName="Can_Save_Valid_Changes" computerName="WIN-1BSGQQGHI96" duration="00:00:00.0032966" startTime="2014-03-01T16:19:31.1662887+08:00" endTime="2014-03-01T16:19:31.1712890+08:00" testType="13cdc9d9-ddb5-4fa4-a97d-d965ccfc6d4b" outcome="Passed" testListId="8c84fa94-04c1-424b-9868-57a2d4851a1d" relativeResultsDirectory="86f2fb47-1b77-49eb-8a5e-af42d5c9efa5">
    </UnitTestResult>
    <UnitTestResult executionId="0fa3b229-e9ed-4867-b56e-584039500ece" testId="60e0cb26-aeab-601d-f2bb-fa6dfb4d023a" testName="Can_Send_Pagination_View_Model" computerName="WIN-1BSGQQGHI96" duration="00:00:00.0015530" startTime="2014-03-01T16:19:31.1722890+08:00" endTime="2014-03-01T16:19:31.1792894+08:00" testType="13cdc9d9-ddb5-4fa4-a97d-d965ccfc6d4b" outcome="Passed" testListId="8c84fa94-04c1-424b-9868-57a2d4851a1d" relativeResultsDirectory="0fa3b229-e9ed-4867-b56e-584039500ece">
    </UnitTestResult>
    <UnitTestResult executionId="c6700f35-d1dd-4c0e-a958-1b901787018c" testId="7058ba01-d644-1dea-9afd-80d026ea6538" testName="Cannot_Delete_Invalid_Products" computerName="WIN-1BSGQQGHI96" duration="00:00:00.0043586" startTime="2014-03-01T16:19:31.1802895+08:00" endTime="2014-03-01T16:19:31.1872899+08:00" testType="13cdc9d9-ddb5-4fa4-a97d-d965ccfc6d4b" outcome="Passed" testListId="8c84fa94-04c1-424b-9868-57a2d4851a1d" relativeResultsDirectory="c6700f35-d1dd-4c0e-a958-1b901787018c">
    </UnitTestResult>
    <UnitTestResult executionId="a9e861ae-3386-44c5-8c8f-360ad57b2d3c" testId="8a069796-1879-374f-2dbf-e37ba2163331" testName="Can_Delete_Valid_Roles" computerName="WIN-1BSGQQGHI96" duration="00:00:00.0028106" startTime="2014-03-01T16:19:31.1882899+08:00" endTime="2014-03-01T16:19:31.2032908+08:00" testType="13cdc9d9-ddb5-4fa4-a97d-d965ccfc6d4b" outcome="Passed" testListId="8c84fa94-04c1-424b-9868-57a2d4851a1d" relativeResultsDirectory="a9e861ae-3386-44c5-8c8f-360ad57b2d3c">
    </UnitTestResult>
  </Results>
</TestRun>