<?xml version="1.0" encoding="UTF-8"?>
<TestRun id="8bd5973d-6851-41df-8565-736c5af375f8" name="Administrator@WIN-1BSGQQGHI96 2014-02-28 19:01:10" runUser="WIN-1BSGQQGHI96\Administrator" xmlns="http://microsoft.com/schemas/VisualStudio/TeamTest/2010">
  <TestSettings name="本地" id="183af1ab-0d3c-4326-b9de-81f77f86e3df">
    <Description>这些设置为本地测试运行的默认测试设置。</Description>
    <Deployment enabled="false" runDeploymentRoot="Administrator_WIN-1BSGQQGHI96 2014-02-28 19_01_10">
      <DeploymentItem filename="D:\Code\ClientManage\packages\Ninject.3.0.1.10\lib\net40\Ninject.dll" />
      <DeploymentItem filename="D:\Code\ClientManage\ClientManage.WebUI\bin\ClientManage.WebUI.dll" />
      <DeploymentItem filename="D:\Code\ClientManage\packages\EntityFramework.6.0.2\lib\net40\EntityFramework.SqlServer.dll" />
      <DeploymentItem filename="D:\Code\ClientManage\ClientManage.UnitTests\bin\Debug\EntityFramework.dll" />
      <DeploymentItem filename="D:\Code\ClientManage\packages\Moq.4.2.1402.2112\lib\net40\Moq.dll" />
      <DeploymentItem filename="D:\Code\ClientManage\ClientManage.Domain\bin\Debug\ClientManage.Domain.dll" />
    </Deployment>
    <Execution>
      <TestTypeSpecific />
      <AgentRule name="Execution Agents">
      </AgentRule>
    </Execution>
  </TestSettings>
  <Times creation="2014-02-28T19:01:10.6200422+08:00" queuing="2014-02-28T19:01:11.5160934+08:00" start="2014-02-28T19:01:11.5680964+08:00" finish="2014-02-28T19:01:12.8021670+08:00" />
  <ResultSummary outcome="Completed">
    <Counters total="4" executed="4" passed="4" error="0" failed="0" timeout="0" aborted="0" inconclusive="0" passedButRunAborted="0" notRunnable="0" notExecuted="0" disconnected="0" warning="0" completed="0" inProgress="0" pending="0" />
  </ResultSummary>
  <TestDefinitions>
    <UnitTest name="Can_Generate_Page_Links" storage="d:\code\clientmanage\clientmanage.unittests\bin\debug\clientmanage.unittests.dll" id="2c5c938b-15d1-8464-8948-897ed178f1d3">
      <Execution id="d2918767-c32d-4d2c-9ba9-308a6547d132" />
      <TestMethod codeBase="D:/Code/ClientManage/ClientManage.UnitTests/bin/Debug/ClientManage.UnitTests.DLL" adapterTypeName="Microsoft.VisualStudio.TestTools.TestTypes.Unit.UnitTestAdapter, Microsoft.VisualStudio.QualityTools.Tips.UnitTest.Adapter, Version=10.0.0.0, Culture=neutral, PublicKeyToken=b03f5f7f11d50a3a" className="ClientManage.UnitTests.PagingHelpersTest, ClientManage.UnitTests, Version=1.0.0.0, Culture=neutral, PublicKeyToken=null" name="Can_Generate_Page_Links" />
    </UnitTest>
    <UnitTest name="Can_Edit_Role" storage="d:\code\clientmanage\clientmanage.unittests\bin\debug\clientmanage.unittests.dll" id="55b878b7-4e98-870d-41b1-c67be55faa2d">
      <Execution id="86d55a1a-e23c-4d02-aee4-deb4685f93e6" />
      <TestMethod codeBase="D:/Code/ClientManage/ClientManage.UnitTests/bin/Debug/ClientManage.UnitTests.DLL" adapterTypeName="Microsoft.VisualStudio.TestTools.TestTypes.Unit.UnitTestAdapter, Microsoft.VisualStudio.QualityTools.Tips.UnitTest.Adapter, Version=10.0.0.0, Culture=neutral, PublicKeyToken=b03f5f7f11d50a3a" className="ClientManage.UnitTests.RolesControllerTest, ClientManage.UnitTests, Version=1.0.0.0, Culture=neutral, PublicKeyToken=null" name="Can_Edit_Role" />
    </UnitTest>
    <UnitTest name="Can_Send_Pagination_View_Model" storage="d:\code\clientmanage\clientmanage.unittests\bin\debug\clientmanage.unittests.dll" id="60e0cb26-aeab-601d-f2bb-fa6dfb4d023a">
      <Execution id="f751e577-beac-4f1b-9b87-c7da0024ba9f" />
      <TestMethod codeBase="D:/Code/ClientManage/ClientManage.UnitTests/bin/Debug/ClientManage.UnitTests.DLL" adapterTypeName="Microsoft.VisualStudio.TestTools.TestTypes.Unit.UnitTestAdapter, Microsoft.VisualStudio.QualityTools.Tips.UnitTest.Adapter, Version=10.0.0.0, Culture=neutral, PublicKeyToken=b03f5f7f11d50a3a" className="ClientManage.UnitTests.RolesControllerTest, ClientManage.UnitTests, Version=1.0.0.0, Culture=neutral, PublicKeyToken=null" name="Can_Send_Pagination_View_Model" />
    </UnitTest>
    <UnitTest name="Can_Paginate" storage="d:\code\clientmanage\clientmanage.unittests\bin\debug\clientmanage.unittests.dll" id="565a17c5-b484-a3ab-5875-2e0879947988">
      <Execution id="0fa67173-760e-4702-bc3f-996503ff771c" />
      <TestMethod codeBase="D:/Code/ClientManage/ClientManage.UnitTests/bin/Debug/ClientManage.UnitTests.DLL" adapterTypeName="Microsoft.VisualStudio.TestTools.TestTypes.Unit.UnitTestAdapter, Microsoft.VisualStudio.QualityTools.Tips.UnitTest.Adapter, Version=10.0.0.0, Culture=neutral, PublicKeyToken=b03f5f7f11d50a3a" className="ClientManage.UnitTests.RolesControllerTest, ClientManage.UnitTests, Version=1.0.0.0, Culture=neutral, PublicKeyToken=null" name="Can_Paginate" />
    </UnitTest>
  </TestDefinitions>
  <TestLists>
    <TestList name="列表中未列出的结果" id="8c84fa94-04c1-424b-9868-57a2d4851a1d" />
    <TestList name="所有已加载的结果" id="19431567-8539-422a-85d7-44ee4e166bda" />
  </TestLists>
  <TestEntries>
    <TestEntry testId="2c5c938b-15d1-8464-8948-897ed178f1d3" executionId="d2918767-c32d-4d2c-9ba9-308a6547d132" testListId="8c84fa94-04c1-424b-9868-57a2d4851a1d" />
    <TestEntry testId="55b878b7-4e98-870d-41b1-c67be55faa2d" executionId="86d55a1a-e23c-4d02-aee4-deb4685f93e6" testListId="8c84fa94-04c1-424b-9868-57a2d4851a1d" />
    <TestEntry testId="565a17c5-b484-a3ab-5875-2e0879947988" executionId="0fa67173-760e-4702-bc3f-996503ff771c" testListId="8c84fa94-04c1-424b-9868-57a2d4851a1d" />
    <TestEntry testId="60e0cb26-aeab-601d-f2bb-fa6dfb4d023a" executionId="f751e577-beac-4f1b-9b87-c7da0024ba9f" testListId="8c84fa94-04c1-424b-9868-57a2d4851a1d" />
  </TestEntries>
  <Results>
    <UnitTestResult executionId="d2918767-c32d-4d2c-9ba9-308a6547d132" testId="2c5c938b-15d1-8464-8948-897ed178f1d3" testName="Can_Generate_Page_Links" computerName="WIN-1BSGQQGHI96" duration="00:00:00.0656406" startTime="2014-02-28T19:01:11.6270998+08:00" endTime="2014-02-28T19:01:12.3501411+08:00" testType="13cdc9d9-ddb5-4fa4-a97d-d965ccfc6d4b" outcome="Passed" testListId="8c84fa94-04c1-424b-9868-57a2d4851a1d" relativeResultsDirectory="d2918767-c32d-4d2c-9ba9-308a6547d132">
    </UnitTestResult>
    <UnitTestResult executionId="86d55a1a-e23c-4d02-aee4-deb4685f93e6" testId="55b878b7-4e98-870d-41b1-c67be55faa2d" testName="Can_Edit_Role" computerName="WIN-1BSGQQGHI96" duration="00:00:00.2802073" startTime="2014-02-28T19:01:12.3581416+08:00" endTime="2014-02-28T19:01:12.6481582+08:00" testType="13cdc9d9-ddb5-4fa4-a97d-d965ccfc6d4b" outcome="Passed" testListId="8c84fa94-04c1-424b-9868-57a2d4851a1d" relativeResultsDirectory="86d55a1a-e23c-4d02-aee4-deb4685f93e6">
    </UnitTestResult>
    <UnitTestResult executionId="0fa67173-760e-4702-bc3f-996503ff771c" testId="565a17c5-b484-a3ab-5875-2e0879947988" testName="Can_Paginate" computerName="WIN-1BSGQQGHI96" duration="00:00:00.0084205" startTime="2014-02-28T19:01:12.6571587+08:00" endTime="2014-02-28T19:01:12.6721596+08:00" testType="13cdc9d9-ddb5-4fa4-a97d-d965ccfc6d4b" outcome="Passed" testListId="8c84fa94-04c1-424b-9868-57a2d4851a1d" relativeResultsDirectory="0fa67173-760e-4702-bc3f-996503ff771c">
    </UnitTestResult>
    <UnitTestResult executionId="f751e577-beac-4f1b-9b87-c7da0024ba9f" testId="60e0cb26-aeab-601d-f2bb-fa6dfb4d023a" testName="Can_Send_Pagination_View_Model" computerName="WIN-1BSGQQGHI96" duration="00:00:00.0023815" startTime="2014-02-28T19:01:12.6811601+08:00" endTime="2014-02-28T19:01:12.6921607+08:00" testType="13cdc9d9-ddb5-4fa4-a97d-d965ccfc6d4b" outcome="Passed" testListId="8c84fa94-04c1-424b-9868-57a2d4851a1d" relativeResultsDirectory="f751e577-beac-4f1b-9b87-c7da0024ba9f">
    </UnitTestResult>
  </Results>
</TestRun>