<?xml version="1.0" encoding="UTF-8"?>
<TestRun id="91605539-5872-46eb-a87a-bdeace86708f" name="Administrator@WIN-1BSGQQGHI96 2014-02-28 19:09:00" runUser="WIN-1BSGQQGHI96\Administrator" xmlns="http://microsoft.com/schemas/VisualStudio/TeamTest/2010">
  <TestSettings name="本地" id="183af1ab-0d3c-4326-b9de-81f77f86e3df">
    <Description>这些设置为本地测试运行的默认测试设置。</Description>
    <Deployment enabled="false" runDeploymentRoot="Administrator_WIN-1BSGQQGHI96 2014-02-28 19_09_00">
      <DeploymentItem filename="D:\Code\ClientManage\packages\Ninject.3.0.1.10\lib\net40\Ninject.dll" />
      <DeploymentItem filename="D:\Code\ClientManage\ClientManage.WebUI\bin\ClientManage.WebUI.dll" />
      <DeploymentItem filename="D:\Code\ClientManage\packages\EntityFramework.6.0.2\lib\net40\EntityFramework.SqlServer.dll" />
      <DeploymentItem filename="D:\Code\ClientManage\ClientManage.UnitTests\bin\Debug\EntityFramework.dll" />
      <DeploymentItem filename="D:\Code\ClientManage\packages\Moq.4.2.1402.2112\lib\net40\Moq.dll" />
      <DeploymentItem filename="D:\Code\ClientManage\ClientManage.Domain\bin\Debug\ClientManage.Domain.dll" />
    </Deployment>
    <Execution>
      <TestTypeSpecific />
      <AgentRule name="Execution Agents">
      </AgentRule>
    </Execution>
  </TestSettings>
  <Times creation="2014-02-28T19:09:00.0238906+08:00" queuing="2014-02-28T19:09:00.0648929+08:00" start="2014-02-28T19:09:00.0698932+08:00" finish="2014-02-28T19:09:00.4109127+08:00" />
  <ResultSummary outcome="Completed">
    <Counters total="5" executed="5" passed="5" error="0" failed="0" timeout="0" aborted="0" inconclusive="0" passedButRunAborted="0" notRunnable="0" notExecuted="0" disconnected="0" warning="0" completed="0" inProgress="0" pending="0" />
  </ResultSummary>
  <TestDefinitions>
    <UnitTest name="Can_Generate_Page_Links" storage="d:\code\clientmanage\clientmanage.unittests\bin\debug\clientmanage.unittests.dll" id="2c5c938b-15d1-8464-8948-897ed178f1d3">
      <Execution id="3c0963a6-5eba-4ac9-b9a7-550e20c9603a" />
      <TestMethod codeBase="D:/Code/ClientManage/ClientManage.UnitTests/bin/Debug/ClientManage.UnitTests.DLL" adapterTypeName="Microsoft.VisualStudio.TestTools.TestTypes.Unit.UnitTestAdapter, Microsoft.VisualStudio.QualityTools.Tips.UnitTest.Adapter, Version=10.0.0.0, Culture=neutral, PublicKeyToken=b03f5f7f11d50a3a" className="ClientManage.UnitTests.PagingHelpersTest, ClientManage.UnitTests, Version=1.0.0.0, Culture=neutral, PublicKeyToken=null" name="Can_Generate_Page_Links" />
    </UnitTest>
    <UnitTest name="Cannot_Edit_Nonexistent_Product" storage="d:\code\clientmanage\clientmanage.unittests\bin\debug\clientmanage.unittests.dll" id="2ce0b735-ab10-4f83-e610-2d802598bf6a">
      <Execution id="c6f05ff9-1cb3-4903-a537-75c4c0e418cb" />
      <TestMethod codeBase="D:/Code/ClientManage/ClientManage.UnitTests/bin/Debug/ClientManage.UnitTests.DLL" adapterTypeName="Microsoft.VisualStudio.TestTools.TestTypes.Unit.UnitTestAdapter, Microsoft.VisualStudio.QualityTools.Tips.UnitTest.Adapter, Version=10.0.0.0, Culture=neutral, PublicKeyToken=b03f5f7f11d50a3a" className="ClientManage.UnitTests.RolesControllerTest, ClientManage.UnitTests, Version=1.0.0.0, Culture=neutral, PublicKeyToken=null" name="Cannot_Edit_Nonexistent_Product" />
    </UnitTest>
    <UnitTest name="Can_Send_Pagination_View_Model" storage="d:\code\clientmanage\clientmanage.unittests\bin\debug\clientmanage.unittests.dll" id="60e0cb26-aeab-601d-f2bb-fa6dfb4d023a">
      <Execution id="24e2d4eb-c2b2-4095-ac4f-7e7a086f4d74" />
      <TestMethod codeBase="D:/Code/ClientManage/ClientManage.UnitTests/bin/Debug/ClientManage.UnitTests.DLL" adapterTypeName="Microsoft.VisualStudio.TestTools.TestTypes.Unit.UnitTestAdapter, Microsoft.VisualStudio.QualityTools.Tips.UnitTest.Adapter, Version=10.0.0.0, Culture=neutral, PublicKeyToken=b03f5f7f11d50a3a" className="ClientManage.UnitTests.RolesControllerTest, ClientManage.UnitTests, Version=1.0.0.0, Culture=neutral, PublicKeyToken=null" name="Can_Send_Pagination_View_Model" />
    </UnitTest>
    <UnitTest name="Can_Edit_Role" storage="d:\code\clientmanage\clientmanage.unittests\bin\debug\clientmanage.unittests.dll" id="55b878b7-4e98-870d-41b1-c67be55faa2d">
      <Execution id="20153737-e3af-47f3-bb1f-f4e0dcfd0746" />
      <TestMethod codeBase="D:/Code/ClientManage/ClientManage.UnitTests/bin/Debug/ClientManage.UnitTests.DLL" adapterTypeName="Microsoft.VisualStudio.TestTools.TestTypes.Unit.UnitTestAdapter, Microsoft.VisualStudio.QualityTools.Tips.UnitTest.Adapter, Version=10.0.0.0, Culture=neutral, PublicKeyToken=b03f5f7f11d50a3a" className="ClientManage.UnitTests.RolesControllerTest, ClientManage.UnitTests, Version=1.0.0.0, Culture=neutral, PublicKeyToken=null" name="Can_Edit_Role" />
    </UnitTest>
    <UnitTest name="Can_Paginate" storage="d:\code\clientmanage\clientmanage.unittests\bin\debug\clientmanage.unittests.dll" id="565a17c5-b484-a3ab-5875-2e0879947988">
      <Execution id="0dc60083-1b8c-40ae-b3e9-eec693eb6fac" />
      <TestMethod codeBase="D:/Code/ClientManage/ClientManage.UnitTests/bin/Debug/ClientManage.UnitTests.DLL" adapterTypeName="Microsoft.VisualStudio.TestTools.TestTypes.Unit.UnitTestAdapter, Microsoft.VisualStudio.QualityTools.Tips.UnitTest.Adapter, Version=10.0.0.0, Culture=neutral, PublicKeyToken=b03f5f7f11d50a3a" className="ClientManage.UnitTests.RolesControllerTest, ClientManage.UnitTests, Version=1.0.0.0, Culture=neutral, PublicKeyToken=null" name="Can_Paginate" />
    </UnitTest>
  </TestDefinitions>
  <TestLists>
    <TestList name="列表中未列出的结果" id="8c84fa94-04c1-424b-9868-57a2d4851a1d" />
    <TestList name="所有已加载的结果" id="19431567-8539-422a-85d7-44ee4e166bda" />
  </TestLists>
  <TestEntries>
    <TestEntry testId="2c5c938b-15d1-8464-8948-897ed178f1d3" executionId="3c0963a6-5eba-4ac9-b9a7-550e20c9603a" testListId="8c84fa94-04c1-424b-9868-57a2d4851a1d" />
    <TestEntry testId="2ce0b735-ab10-4f83-e610-2d802598bf6a" executionId="c6f05ff9-1cb3-4903-a537-75c4c0e418cb" testListId="8c84fa94-04c1-424b-9868-57a2d4851a1d" />
    <TestEntry testId="55b878b7-4e98-870d-41b1-c67be55faa2d" executionId="20153737-e3af-47f3-bb1f-f4e0dcfd0746" testListId="8c84fa94-04c1-424b-9868-57a2d4851a1d" />
    <TestEntry testId="565a17c5-b484-a3ab-5875-2e0879947988" executionId="0dc60083-1b8c-40ae-b3e9-eec693eb6fac" testListId="8c84fa94-04c1-424b-9868-57a2d4851a1d" />
    <TestEntry testId="60e0cb26-aeab-601d-f2bb-fa6dfb4d023a" executionId="24e2d4eb-c2b2-4095-ac4f-7e7a086f4d74" testListId="8c84fa94-04c1-424b-9868-57a2d4851a1d" />
  </TestEntries>
  <Results>
    <UnitTestResult executionId="3c0963a6-5eba-4ac9-b9a7-550e20c9603a" testId="2c5c938b-15d1-8464-8948-897ed178f1d3" testName="Can_Generate_Page_Links" computerName="WIN-1BSGQQGHI96" duration="00:00:00.0209590" startTime="2014-02-28T19:09:00.0848940+08:00" endTime="2014-02-28T19:09:00.2409030+08:00" testType="13cdc9d9-ddb5-4fa4-a97d-d965ccfc6d4b" outcome="Passed" testListId="8c84fa94-04c1-424b-9868-57a2d4851a1d" relativeResultsDirectory="3c0963a6-5eba-4ac9-b9a7-550e20c9603a">
    </UnitTestResult>
    <UnitTestResult executionId="c6f05ff9-1cb3-4903-a537-75c4c0e418cb" testId="2ce0b735-ab10-4f83-e610-2d802598bf6a" testName="Cannot_Edit_Nonexistent_Product" computerName="WIN-1BSGQQGHI96" duration="00:00:00.1278316" startTime="2014-02-28T19:09:00.2429031+08:00" endTime="2014-02-28T19:09:00.3779108+08:00" testType="13cdc9d9-ddb5-4fa4-a97d-d965ccfc6d4b" outcome="Passed" testListId="8c84fa94-04c1-424b-9868-57a2d4851a1d" relativeResultsDirectory="c6f05ff9-1cb3-4903-a537-75c4c0e418cb">
    </UnitTestResult>
    <UnitTestResult executionId="20153737-e3af-47f3-bb1f-f4e0dcfd0746" testId="55b878b7-4e98-870d-41b1-c67be55faa2d" testName="Can_Edit_Role" computerName="WIN-1BSGQQGHI96" duration="00:00:00.0033571" startTime="2014-02-28T19:09:00.3789109+08:00" endTime="2014-02-28T19:09:00.3839111+08:00" testType="13cdc9d9-ddb5-4fa4-a97d-d965ccfc6d4b" outcome="Passed" testListId="8c84fa94-04c1-424b-9868-57a2d4851a1d" relativeResultsDirectory="20153737-e3af-47f3-bb1f-f4e0dcfd0746">
    </UnitTestResult>
    <UnitTestResult executionId="0dc60083-1b8c-40ae-b3e9-eec693eb6fac" testId="565a17c5-b484-a3ab-5875-2e0879947988" testName="Can_Paginate" computerName="WIN-1BSGQQGHI96" duration="00:00:00.0029483" startTime="2014-02-28T19:09:00.3849112+08:00" endTime="2014-02-28T19:09:00.3899115+08:00" testType="13cdc9d9-ddb5-4fa4-a97d-d965ccfc6d4b" outcome="Passed" testListId="8c84fa94-04c1-424b-9868-57a2d4851a1d" relativeResultsDirectory="0dc60083-1b8c-40ae-b3e9-eec693eb6fac">
    </UnitTestResult>
    <UnitTestResult executionId="24e2d4eb-c2b2-4095-ac4f-7e7a086f4d74" testId="60e0cb26-aeab-601d-f2bb-fa6dfb4d023a" testName="Can_Send_Pagination_View_Model" computerName="WIN-1BSGQQGHI96" duration="00:00:00.0014399" startTime="2014-02-28T19:09:00.3909115+08:00" endTime="2014-02-28T19:09:00.3959118+08:00" testType="13cdc9d9-ddb5-4fa4-a97d-d965ccfc6d4b" outcome="Passed" testListId="8c84fa94-04c1-424b-9868-57a2d4851a1d" relativeResultsDirectory="24e2d4eb-c2b2-4095-ac4f-7e7a086f4d74">
    </UnitTestResult>
  </Results>
</TestRun>