<?xml version="1.0" encoding="UTF-8"?>
<TestRun id="31d2a4a0-6e16-4308-9c6a-6df0f0714c2c" name="Administrator@WIN-1BSGQQGHI96 2014-02-28 19:08:08" runUser="WIN-1BSGQQGHI96\Administrator" xmlns="http://microsoft.com/schemas/VisualStudio/TeamTest/2010">
  <TestSettings name="本地" id="183af1ab-0d3c-4326-b9de-81f77f86e3df">
    <Description>这些设置为本地测试运行的默认测试设置。</Description>
    <Deployment enabled="false" runDeploymentRoot="Administrator_WIN-1BSGQQGHI96 2014-02-28 19_08_08">
      <DeploymentItem filename="D:\Code\ClientManage\packages\Ninject.3.0.1.10\lib\net40\Ninject.dll" />
      <DeploymentItem filename="D:\Code\ClientManage\ClientManage.WebUI\bin\ClientManage.WebUI.dll" />
      <DeploymentItem filename="D:\Code\ClientManage\packages\EntityFramework.6.0.2\lib\net40\EntityFramework.SqlServer.dll" />
      <DeploymentItem filename="D:\Code\ClientManage\ClientManage.UnitTests\bin\Debug\EntityFramework.dll" />
      <DeploymentItem filename="D:\Code\ClientManage\packages\Moq.4.2.1402.2112\lib\net40\Moq.dll" />
      <DeploymentItem filename="D:\Code\ClientManage\ClientManage.Domain\bin\Debug\ClientManage.Domain.dll" />
    </Deployment>
    <Execution>
      <TestTypeSpecific />
      <AgentRule name="Execution Agents">
      </AgentRule>
    </Execution>
  </TestSettings>
  <Times creation="2014-02-28T19:08:08.3759365+08:00" queuing="2014-02-28T19:08:19.0785486+08:00" start="2014-02-28T19:08:19.2655593+08:00" finish="2014-02-28T19:08:40.5937792+08:00" />
  <ResultSummary outcome="Completed">
    <Counters total="5" executed="5" passed="5" error="0" failed="0" timeout="0" aborted="0" inconclusive="0" passedButRunAborted="0" notRunnable="0" notExecuted="0" disconnected="0" warning="0" completed="0" inProgress="0" pending="0" />
  </ResultSummary>
  <TestDefinitions>
    <UnitTest name="Can_Generate_Page_Links" storage="d:\code\clientmanage\clientmanage.unittests\bin\debug\clientmanage.unittests.dll" id="2c5c938b-15d1-8464-8948-897ed178f1d3">
      <Execution id="feebff2a-6425-4802-8eab-cfa5cbc3a8f8" />
      <TestMethod codeBase="D:/Code/ClientManage/ClientManage.UnitTests/bin/Debug/ClientManage.UnitTests.DLL" adapterTypeName="Microsoft.VisualStudio.TestTools.TestTypes.Unit.UnitTestAdapter, Microsoft.VisualStudio.QualityTools.Tips.UnitTest.Adapter, Version=10.0.0.0, Culture=neutral, PublicKeyToken=b03f5f7f11d50a3a" className="ClientManage.UnitTests.PagingHelpersTest, ClientManage.UnitTests, Version=1.0.0.0, Culture=neutral, PublicKeyToken=null" name="Can_Generate_Page_Links" />
    </UnitTest>
    <UnitTest name="Cannot_Edit_Nonexistent_Product" storage="d:\code\clientmanage\clientmanage.unittests\bin\debug\clientmanage.unittests.dll" id="2ce0b735-ab10-4f83-e610-2d802598bf6a">
      <Execution id="4884825b-e287-4151-8612-9f752128b67c" />
      <TestMethod codeBase="D:/Code/ClientManage/ClientManage.UnitTests/bin/Debug/ClientManage.UnitTests.DLL" adapterTypeName="Microsoft.VisualStudio.TestTools.TestTypes.Unit.UnitTestAdapter, Microsoft.VisualStudio.QualityTools.Tips.UnitTest.Adapter, Version=10.0.0.0, Culture=neutral, PublicKeyToken=b03f5f7f11d50a3a" className="ClientManage.UnitTests.RolesControllerTest, ClientManage.UnitTests, Version=1.0.0.0, Culture=neutral, PublicKeyToken=null" name="Cannot_Edit_Nonexistent_Product" />
    </UnitTest>
    <UnitTest name="Can_Send_Pagination_View_Model" storage="d:\code\clientmanage\clientmanage.unittests\bin\debug\clientmanage.unittests.dll" id="60e0cb26-aeab-601d-f2bb-fa6dfb4d023a">
      <Execution id="e1a5597f-35bf-4fe0-8422-1af9bde3cd56" />
      <TestMethod codeBase="D:/Code/ClientManage/ClientManage.UnitTests/bin/Debug/ClientManage.UnitTests.DLL" adapterTypeName="Microsoft.VisualStudio.TestTools.TestTypes.Unit.UnitTestAdapter, Microsoft.VisualStudio.QualityTools.Tips.UnitTest.Adapter, Version=10.0.0.0, Culture=neutral, PublicKeyToken=b03f5f7f11d50a3a" className="ClientManage.UnitTests.RolesControllerTest, ClientManage.UnitTests, Version=1.0.0.0, Culture=neutral, PublicKeyToken=null" name="Can_Send_Pagination_View_Model" />
    </UnitTest>
    <UnitTest name="Can_Edit_Role" storage="d:\code\clientmanage\clientmanage.unittests\bin\debug\clientmanage.unittests.dll" id="55b878b7-4e98-870d-41b1-c67be55faa2d">
      <Execution id="c8978274-b127-4667-ba3d-39aac4ac6b9a" />
      <TestMethod codeBase="D:/Code/ClientManage/ClientManage.UnitTests/bin/Debug/ClientManage.UnitTests.DLL" adapterTypeName="Microsoft.VisualStudio.TestTools.TestTypes.Unit.UnitTestAdapter, Microsoft.VisualStudio.QualityTools.Tips.UnitTest.Adapter, Version=10.0.0.0, Culture=neutral, PublicKeyToken=b03f5f7f11d50a3a" className="ClientManage.UnitTests.RolesControllerTest, ClientManage.UnitTests, Version=1.0.0.0, Culture=neutral, PublicKeyToken=null" name="Can_Edit_Role" />
    </UnitTest>
    <UnitTest name="Can_Paginate" storage="d:\code\clientmanage\clientmanage.unittests\bin\debug\clientmanage.unittests.dll" id="565a17c5-b484-a3ab-5875-2e0879947988">
      <Execution id="e43b6883-8614-46ad-a87b-5c6f977dea6a" />
      <TestMethod codeBase="D:/Code/ClientManage/ClientManage.UnitTests/bin/Debug/ClientManage.UnitTests.DLL" adapterTypeName="Microsoft.VisualStudio.TestTools.TestTypes.Unit.UnitTestAdapter, Microsoft.VisualStudio.QualityTools.Tips.UnitTest.Adapter, Version=10.0.0.0, Culture=neutral, PublicKeyToken=b03f5f7f11d50a3a" className="ClientManage.UnitTests.RolesControllerTest, ClientManage.UnitTests, Version=1.0.0.0, Culture=neutral, PublicKeyToken=null" name="Can_Paginate" />
    </UnitTest>
  </TestDefinitions>
  <TestLists>
    <TestList name="列表中未列出的结果" id="8c84fa94-04c1-424b-9868-57a2d4851a1d" />
    <TestList name="所有已加载的结果" id="19431567-8539-422a-85d7-44ee4e166bda" />
  </TestLists>
  <TestEntries>
    <TestEntry testId="2c5c938b-15d1-8464-8948-897ed178f1d3" executionId="feebff2a-6425-4802-8eab-cfa5cbc3a8f8" testListId="8c84fa94-04c1-424b-9868-57a2d4851a1d" />
    <TestEntry testId="2ce0b735-ab10-4f83-e610-2d802598bf6a" executionId="4884825b-e287-4151-8612-9f752128b67c" testListId="8c84fa94-04c1-424b-9868-57a2d4851a1d" />
    <TestEntry testId="55b878b7-4e98-870d-41b1-c67be55faa2d" executionId="c8978274-b127-4667-ba3d-39aac4ac6b9a" testListId="8c84fa94-04c1-424b-9868-57a2d4851a1d" />
    <TestEntry testId="565a17c5-b484-a3ab-5875-2e0879947988" executionId="e43b6883-8614-46ad-a87b-5c6f977dea6a" testListId="8c84fa94-04c1-424b-9868-57a2d4851a1d" />
    <TestEntry testId="60e0cb26-aeab-601d-f2bb-fa6dfb4d023a" executionId="e1a5597f-35bf-4fe0-8422-1af9bde3cd56" testListId="8c84fa94-04c1-424b-9868-57a2d4851a1d" />
  </TestEntries>
  <Results>
    <UnitTestResult executionId="feebff2a-6425-4802-8eab-cfa5cbc3a8f8" testId="2c5c938b-15d1-8464-8948-897ed178f1d3" testName="Can_Generate_Page_Links" computerName="WIN-1BSGQQGHI96" duration="00:00:00.0643645" startTime="2014-02-28T19:08:19.4315688+08:00" endTime="2014-02-28T19:08:20.0096019+08:00" testType="13cdc9d9-ddb5-4fa4-a97d-d965ccfc6d4b" outcome="Passed" testListId="8c84fa94-04c1-424b-9868-57a2d4851a1d" relativeResultsDirectory="feebff2a-6425-4802-8eab-cfa5cbc3a8f8">
    </UnitTestResult>
    <UnitTestResult executionId="4884825b-e287-4151-8612-9f752128b67c" testId="2ce0b735-ab10-4f83-e610-2d802598bf6a" testName="Cannot_Edit_Nonexistent_Product" computerName="WIN-1BSGQQGHI96" duration="00:00:20.2576851" startTime="2014-02-28T19:08:20.0186024+08:00" endTime="2014-02-28T19:08:40.4407705+08:00" testType="13cdc9d9-ddb5-4fa4-a97d-d965ccfc6d4b" outcome="Passed" testListId="8c84fa94-04c1-424b-9868-57a2d4851a1d" relativeResultsDirectory="4884825b-e287-4151-8612-9f752128b67c">
    </UnitTestResult>
    <UnitTestResult executionId="c8978274-b127-4667-ba3d-39aac4ac6b9a" testId="55b878b7-4e98-870d-41b1-c67be55faa2d" testName="Can_Edit_Role" computerName="WIN-1BSGQQGHI96" duration="00:00:00.0037153" startTime="2014-02-28T19:08:40.4507710+08:00" endTime="2014-02-28T19:08:40.4637718+08:00" testType="13cdc9d9-ddb5-4fa4-a97d-d965ccfc6d4b" outcome="Passed" testListId="8c84fa94-04c1-424b-9868-57a2d4851a1d" relativeResultsDirectory="c8978274-b127-4667-ba3d-39aac4ac6b9a">
    </UnitTestResult>
    <UnitTestResult executionId="e43b6883-8614-46ad-a87b-5c6f977dea6a" testId="565a17c5-b484-a3ab-5875-2e0879947988" testName="Can_Paginate" computerName="WIN-1BSGQQGHI96" duration="00:00:00.0081013" startTime="2014-02-28T19:08:40.4737724+08:00" endTime="2014-02-28T19:08:40.4877732+08:00" testType="13cdc9d9-ddb5-4fa4-a97d-d965ccfc6d4b" outcome="Passed" testListId="8c84fa94-04c1-424b-9868-57a2d4851a1d" relativeResultsDirectory="e43b6883-8614-46ad-a87b-5c6f977dea6a">
    </UnitTestResult>
    <UnitTestResult executionId="e1a5597f-35bf-4fe0-8422-1af9bde3cd56" testId="60e0cb26-aeab-601d-f2bb-fa6dfb4d023a" testName="Can_Send_Pagination_View_Model" computerName="WIN-1BSGQQGHI96" duration="00:00:00.0022241" startTime="2014-02-28T19:08:40.4967737+08:00" endTime="2014-02-28T19:08:40.5047741+08:00" testType="13cdc9d9-ddb5-4fa4-a97d-d965ccfc6d4b" outcome="Passed" testListId="8c84fa94-04c1-424b-9868-57a2d4851a1d" relativeResultsDirectory="e1a5597f-35bf-4fe0-8422-1af9bde3cd56">
    </UnitTestResult>
  </Results>
</TestRun>